[0723/183752:WARNING:dns_config_service_win.cc(665)] Failed to read DnsConfig.
[0724/123705:WARNING:dns_config_service_win.cc(665)] Failed to read DnsConfig.
[0727/223617:WARNING:dns_config_service_win.cc(665)] Failed to read DnsConfig.
[0728/235441:WARNING:dns_config_service_win.cc(665)] Failed to read DnsConfig.
[0731/110043:ERROR:browser_gpu_channel_host_factory.cc(119)] Failed to launch GPU process.
[0731/222902:WARNING:dns_config_service_win.cc(665)] Failed to read DnsConfig.
[0801/093644:WARNING:dns_config_service_win.cc(665)] Failed to read DnsConfig.
[0801/214226:WARNING:dns_config_service_win.cc(665)] Failed to read DnsConfig.
[0802/082339:WARNING:dns_config_service_win.cc(665)] Failed to read DnsConfig.
[0802/082339:WARNING:dns_config_service_win.cc(665)] Failed to read DnsConfig.
[0803/040002:WARNING:dns_config_service_win.cc(665)] Failed to read DnsConfig.
[0806/135432:ERROR:ipc_channel_win.cc(217)] pipe error: 109
[0806/140911:ERROR:ipc_channel_win.cc(217)] pipe error: 109
[0807/155740:WARNING:dns_config_service_win.cc(665)] Failed to read DnsConfig.
[0807/155745:WARNING:dns_config_service_win.cc(665)] Failed to read DnsConfig.
[0807/155750:WARNING:dns_config_service_win.cc(665)] Failed to read DnsConfig.
[0807/155755:WARNING:dns_config_service_win.cc(665)] Failed to read DnsConfig.
[0807/155800:WARNING:dns_config_service_win.cc(665)] Failed to read DnsConfig.
[0807/155800:WARNING:dns_config_service_win.cc(665)] Failed to read DnsConfig.
[0807/155800:WARNING:dns_config_service_win.cc(665)] Failed to read DnsConfig.
[0807/155805:WARNING:dns_config_service_win.cc(665)] Failed to read DnsConfig.
[0807/155805:WARNING:dns_config_service_win.cc(665)] Failed to read DnsConfig.
[0807/155805:WARNING:dns_config_service_win.cc(665)] Failed to read DnsConfig.
[0807/155810:WARNING:dns_config_service_win.cc(665)] Failed to read DnsConfig.
[0807/155810:WARNING:dns_config_service_win.cc(665)] Failed to read DnsConfig.
[0807/155810:WARNING:dns_config_service_win.cc(665)] Failed to read DnsConfig.
[0811/100455:ERROR:browser_gpu_channel_host_factory.cc(119)] Failed to launch GPU process.
[0914/153528:WARNING:dns_config_service_win.cc(665)] Failed to read DnsConfig.
[0914/162903:WARNING:dns_config_service_win.cc(665)] Failed to read DnsConfig.
[1006/232953:ERROR:browser_gpu_channel_host_factory.cc(119)] Failed to launch GPU process.
[1007/125228:ERROR:browser_gpu_channel_host_factory.cc(119)] Failed to launch GPU process.
[1009/105813:ERROR:browser_gpu_channel_host_factory.cc(119)] Failed to launch GPU process.
[1028/190020:ERROR:block_files.cc(113)] Failing CreateMapBlock
[1028/190020:ERROR:entry_impl.cc(960)] Failed to save user data
[1105/123807:WARNING:backend_impl.cc(1593)] Messed up entry found.
[1105/123807:WARNING:backend_impl.cc(1807)] Destroying invalid entry.
[1106/111317:ERROR:browser_gpu_channel_host_factory.cc(119)] Failed to launch GPU process.
[0326/095335:WARNING:dns_config_service_win.cc(665)] Failed to read DnsConfig.
[0326/181018:WARNING:dns_config_service_win.cc(665)] Failed to read DnsConfig.
[0326/213506:WARNING:dns_config_service_win.cc(665)] Failed to read DnsConfig.
[0327/093957:WARNING:dns_config_service_win.cc(665)] Failed to read DnsConfig.
[0329/135202:WARNING:dns_config_service_win.cc(665)] Failed to read DnsConfig.
[0330/233550:WARNING:dns_config_service_win.cc(665)] Failed to read DnsConfig.
[0331/003450:WARNING:dns_config_service_win.cc(665)] Failed to read DnsConfig.
[0331/003450:WARNING:dns_config_service_win.cc(665)] Failed to read DnsConfig.
[0331/201434:WARNING:dns_config_service_win.cc(665)] Failed to read DnsConfig.
[0415/154059:WARNING:backend_impl.cc(1807)] Destroying invalid entry.
[0415/213615:WARNING:dns_config_service_win.cc(665)] Failed to read DnsConfig.
[0417/102603:WARNING:dns_config_service_win.cc(665)] Failed to read DnsConfig.
[0417/202139:WARNING:dns_config_service_win.cc(665)] Failed to read DnsConfig.
[0417/202144:WARNING:dns_config_service_win.cc(665)] Failed to read DnsConfig.
